<?xml version="1.0" encoding="UTF-8"?>
<!-- Generated by org.testng.reporters.JUnitReportReporter -->
<testsuite hostname="IMCCBCP291-MSL2" failures="0" tests="1" name="com.test.Testmethods" time="9.543" errors="0" timestamp="2023-04-10T17:14:57 IST" skipped="0">
  <testcase classname="com.test.Testmethods" name="loginTest1" time="9.543"/>
  <system-out/>
</testsuite> <!-- com.test.Testmethods -->
