<?xml version="1.0" encoding="UTF-8"?>
<!-- Generated by org.testng.reporters.JUnitReportReporter -->
<testsuite hostname="IMCCBCP291-MSL2" failures="0" tests="4" name="com.test.LoginTestmethod" time="9.402" errors="0" timestamp="2023-06-06T12:24:00 IST" skipped="0">
  <testcase classname="com.test.LoginTestmethod" name="loginTest1" time="8.627"/>
  <system-out/>
  <testcase classname="com.test.LoginTestmethod" name="logintest2" time="0.243"/>
  <system-out/>
  <testcase classname="com.test.LoginTestmethod" name="addtocartItem" time="0.065"/>
  <system-out/>
  <testcase classname="com.test.LoginTestmethod" name="cartItems" time="0.467"/>
  <system-out/>
</testsuite> <!-- com.test.LoginTestmethod -->
